<?xml version="1.0" encoding="UTF-8"?>
<testsuite name="tests.WebQuizEngineTest" tests="1" skipped="0" failures="0" errors="0" timestamp="2023-07-07T00:56:05" hostname="DESKTOP-4O6GG5D" time="2.96">
  <properties/>
  <testcase name="start" classname="tests.WebQuizEngineTest" time="2.96"/>
  <system-out><![CDATA[?[1;31m
Start test 1?[0m
?[0;34m
?[0m?[0;34m  .   ____          _            __ _ _
?[0m?[0;34m /\\ / ___'_ __ _ _(_)_ __  __ _ \ \ \ \
?[0m?[0;34m( ( )\___ | '_ | '_| | '_ \/ _` | \ \ \ \
?[0m?[0;34m \\/  ___)| |_)| | | | | || (_| |  ) ) ) )
?[0m?[0;34m  '  |____| .__|_| |_|_| |_\__, | / / / /
?[0m?[0;34m =========|_|==============|___/=/_/_/_/
?[0m?[0;34m :: Spring Boot ::                (v2.5.6)
?[0m?[0;34m
?[0m?[0;34m2023-07-06 20:56:06.299  INFO 40832 --- [    Test worker] engine.WebQuizEngine                     : Starting WebQuizEngine using Java 17.0.6 on DESKTOP-4O6GG5D with PID 40832 (started by mikec in E:\Spring Projects\Web Quiz Engine (Java)\Web Quiz Engine (Java)\task)
?[0m?[0;34m2023-07-06 20:56:06.302  INFO 40832 --- [    Test worker] engine.WebQuizEngine                     : No active profile set, falling back to default profiles: default
?[0m?[0;34m2023-07-06 20:56:07.368  INFO 40832 --- [    Test worker] o.s.b.w.embedded.tomcat.TomcatWebServer  : Tomcat initialized with port(s): 8889 (http)
?[0m?[0;34m2023-07-06 20:56:07.381  INFO 40832 --- [    Test worker] o.apache.catalina.core.StandardService   : Starting service [Tomcat]
?[0m?[0;34m2023-07-06 20:56:07.381  INFO 40832 --- [    Test worker] org.apache.catalina.core.StandardEngine  : Starting Servlet engine: [Apache Tomcat/9.0.54]
?[0m?[0;34m2023-07-06 20:56:07.466  INFO 40832 --- [    Test worker] o.a.c.c.C.[Tomcat].[localhost].[/]       : Initializing Spring embedded WebApplicationContext
?[0m?[0;34m2023-07-06 20:56:07.466  INFO 40832 --- [    Test worker] w.s.c.ServletWebServerApplicationContext : Root WebApplicationContext: initialization completed in 1127 ms
?[0m?[0;34m2023-07-06 20:56:08.073  INFO 40832 --- [    Test worker] o.s.b.a.e.web.EndpointLinksResolver      : Exposing 14 endpoint(s) beneath base path '/actuator'
?[0m?[0;34m2023-07-06 20:56:08.110  INFO 40832 --- [    Test worker] o.s.b.w.embedded.tomcat.TomcatWebServer  : Tomcat started on port(s): 8889 (http) with context path ''
?[0m?[0;34m2023-07-06 20:56:08.122  INFO 40832 --- [    Test worker] engine.WebQuizEngine                     : Started WebQuizEngine in 2.152 seconds (JVM running for 2.915)
?[0;34m2023-07-06 20:56:08.389  INFO 40832 --- [nio-8889-exec-1] o.a.c.c.C.[Tomcat].[localhost].[/]       : Initializing Spring DispatcherServlet 'dispatcherServlet'
?[0m?[0;34m2023-07-06 20:56:08.389  INFO 40832 --- [nio-8889-exec-1] o.s.web.servlet.DispatcherServlet        : Initializing Servlet 'dispatcherServlet'
?[0m?[0;34m2023-07-06 20:56:08.390  INFO 40832 --- [nio-8889-exec-1] o.s.web.servlet.DispatcherServlet        : Completed initialization in 0 ms
?[0m?[1;31m
Start test 2?[0m
?[1;31m
Start test 3?[0m
?[1;31m
Start test 4?[0m
?[1;31m
Start test 5?[0m
?[1;31m
Start test 6?[0m
?[1;31m
Start test 7?[0m
?[1;31m
Start test 8?[0m
?[1;31m
Start test 9?[0m
?[1;31m
Start test 10?[0m
?[1;31m
Start test 11?[0m
?[1;31m
Start test 12?[0m
?[1;31m
Start test 13?[0m
?[1;31m
Start test 14?[0m
?[1;31m
Start test 15?[0m
?[1;31m
Start test 16?[0m
?[1;31m
Start test 17?[0m
]]></system-out>
  <system-err><![CDATA[]]></system-err>
</testsuite>
